<?xml version="1.0" encoding="UTF-8"?>
<!-- Generated by org.testng.reporters.JUnitXMLReporter -->
<testsuite ignored="0" hostname="LAPTOP-NG083VA8" failures="0" tests="5" name="Default test" time="57.431" errors="0" timestamp="2022-03-17T10:47:23 IST">
  <testcase classname="com.amazon.loginpageTest" name="positivelogintest" time="6.654"/>
  <testcase classname="com.amazon.loginpageTest" name="incorretusernameTest" time="3.644"/>
  <testcase classname="com.amazon.loginpageTest" name="incorrectpasswordTest" time="5.27"/>
  <testcase classname="com.amazon.loginpageTest" name="newaccountTest" time="2.823"/>
  <testcase classname="com.amazon.loginpageTest" name="forgotpasswordTest" time="4.833"/>
</testsuite> <!-- Default test -->
